13:41:20 **** Incremental Build of configuration Nios II for project vgavisualizer ****
make all 
Info: Building ../vgavisualizer_bsp/
C:/intelFPGA_lite/18.1/nios2eds/bin/gnu/H-x86_64-mingw32/bin/make --no-print-directory -C ../vgavisualizer_bsp/
[BSP build complete]
[vgavisualizer build complete]
13:41:25 **** Build of configuration Nios II for project vgavisualizer ****
make all 
Info: Building ../vgavisualizer_bsp/
C:/intelFPGA_lite/18.1/nios2eds/bin/gnu/H-x86_64-mingw32/bin/make --no-print-directory -C ../vgavisualizer_bsp/
[BSP build complete]
[vgavisualizer build complete]
13:41:38 **** Incremental Build of configuration Nios II for project vgavisualizer ****
make all 
Info: Building ../vgavisualizer_bsp/
C:/intelFPGA_lite/18.1/nios2eds/bin/gnu/H-x86_64-mingw32/bin/make --no-print-directory -C ../vgavisualizer_bsp/
[BSP build complete]
[vgavisualizer build complete]
13:50:33 **** Build of configuration Nios II for project vgavisualizer ****
make all 
Info: Building ../vgavisualizer_bsp/
C:/intelFPGA_lite/18.1/nios2eds/bin/gnu/H-x86_64-mingw32/bin/make --no-print-directory -C ../vgavisualizer_bsp/
[BSP build complete]
Info: Compiling hello_world_small.c to obj/default/hello_world_small.o
nios2-elf-gcc -xc -MP -MMD -c -I../vgavisualizer_bsp//HAL/inc -I../vgavisualizer_bsp/ -I../vgavisualizer_bsp//drivers/inc  -pipe -D__hal__ -DALT_NO_C_PLUS_PLUS -DALT_NO_CLEAN_EXIT -D'exit(a)=_exit(a)' -DALT_NO_EXIT -DALT_USE_DIRECT_DRIVERS -DALT_NO_INSTRUCTION_EMULATION -DALT_USE_SMALL_DRIVERS -DALT_SINGLE_THREADED    -Os -g -Wall   -mno-hw-div -mno-hw-mul -mno-hw-mulx -mgpopt=global  -o obj/default/hello_world_small.o hello_world_small.c
hello_world_small.c:65647:13: warning: 'hori_time_isr' defined but not used [-Wunused-function]
 static void hori_time_isr(void * context, alt_u32 id) {
             ^
hello_world_small.c: In function 'main':
hello_world_small.c:65608:23: warning: iteration 31u invokes undefined behavior [-Waggressive-loop-optimizations]
     if (magn[j] > magn[j+1]) {
                       ^
hello_world_small.c:65607:4: note: containing loop
    for (int j = 0; j < N; j++) {
    ^
Info: Linking vgavisualizer.elf
nios2-elf-g++  -T'../vgavisualizer_bsp//linker.x' -msys-crt0='../vgavisualizer_bsp//obj/HAL/src/crt0.o' -msys-lib=hal_bsp -L../vgavisualizer_bsp/   -Wl,-Map=vgavisualizer.map   -Os -g -Wall   -mno-hw-div -mno-hw-mul -mno-hw-mulx -mgpopt=global  -o vgavisualizer.elf obj/default/hello_world_small.o -lm -msys-lib=m
c:/intelfpga_lite/18.1/nios2eds/bin/gnu/h-x86_64-mingw32/bin/../lib/gcc/nios2-elf/5.3.0/../../../../../H-x86_64-mingw32/nios2-elf/lib/mno-hw-mul\libc.a(closer.o): In function `_close_r':
/build/arc/temp/823101626/ACDS_lwr/ip/sopc/app/gnu/BUILD/gnu/build-newlib.nios2-elf.x86_64-w64-mingw32/nios2-elf/mno-hw-mul/newlib/libc/reent/../../../../../../src/newlib-2.2/newlib/libc/reent/closer.c:53: warning: warning: close is not implemented and will always fail
nios2-elf-insert vgavisualizer.elf --thread_model hal --cpu_name nios2_gen2_0 --qsys true --simulation_enabled false --stderr_dev jtag_uart_0 --stdin_dev jtag_uart_0 --stdout_dev jtag_uart_0 --sopc_system_name vga_system --quartus_project_dir "C:/Users/vishr/Desktop/UBC/CPEN391/module-2-vga/Quartus" --jdi ../..//output_files/vgavisual.jdi --sopcinfo C:/Users/vishr/Desktop/UBC/CPEN391/module-2-vga/Quartus/software/vgavisualizer_bsp/../../vga_system.sopcinfo
c:/intelfpga_lite/18.1/nios2eds/bin/gnu/h-x86_64-mingw32/bin/../lib/gcc/nios2-elf/5.3.0/../../../../../H-x86_64-mingw32/nios2-elf/lib/mno-hw-mul\libc.a(lib_a-lseekr.o): In function `_lseek_r':
/build/arc/temp/823101626/ACDS_lwr/ip/sopc/app/gnu/BUILD/gnu/build-newlib.nios2-elf.x86_64-w64-mingw32/nios2-elf/mno-hw-mul/newlib/libc/reent/../../../../../../src/newlib-2.2/newlib/libc/reent/lseekr.c:58: warning: warning: lseek is not implemented and will always fail
Info: (vgavisualizer.elf) 348 KBytes program size (code + initialized data).
Info:                     65256 KBytes free for stack + heap.
Info: Creating vgavisualizer.objdump
nios2-elf-objdump --disassemble --syms --all-header --source vgavisualizer.elf >vgavisualizer.objdump
[vgavisualizer build complete]
13:50:35 **** Incremental Build of configuration Nios II for project vgavisualizer ****
make all 
Info: Building ../vgavisualizer_bsp/
C:/intelFPGA_lite/18.1/nios2eds/bin/gnu/H-x86_64-mingw32/bin/make --no-print-directory -C ../vgavisualizer_bsp/
[BSP build complete]
[vgavisualizer build complete]
13:56:52 **** Build of configuration Nios II for project vgavisualizer ****
make all 
Info: Building ../vgavisualizer_bsp/
C:/intelFPGA_lite/18.1/nios2eds/bin/gnu/H-x86_64-mingw32/bin/make --no-print-directory -C ../vgavisualizer_bsp/
[BSP build complete]
[vgavisualizer build complete]
13:56:54 **** Incremental Build of configuration Nios II for project vgavisualizer ****
make all 
Info: Building ../vgavisualizer_bsp/
C:/intelFPGA_lite/18.1/nios2eds/bin/gnu/H-x86_64-mingw32/bin/make --no-print-directory -C ../vgavisualizer_bsp/
[BSP build complete]
[vgavisualizer build complete]
13:58:37 **** Build of configuration Nios II for project vgavisualizer ****
make all 
Info: Building ../vgavisualizer_bsp/
C:/intelFPGA_lite/18.1/nios2eds/bin/gnu/H-x86_64-mingw32/bin/make --no-print-directory -C ../vgavisualizer_bsp/
[BSP build complete]
Info: Compiling hello_world_small.c to obj/default/hello_world_small.o
nios2-elf-gcc -xc -MP -MMD -c -I../vgavisualizer_bsp//HAL/inc -I../vgavisualizer_bsp/ -I../vgavisualizer_bsp//drivers/inc  -pipe -D__hal__ -DALT_NO_C_PLUS_PLUS -DALT_NO_CLEAN_EXIT -D'exit(a)=_exit(a)' -DALT_NO_EXIT -DALT_USE_DIRECT_DRIVERS -DALT_NO_INSTRUCTION_EMULATION -DALT_USE_SMALL_DRIVERS -DALT_SINGLE_THREADED    -Os -g -Wall   -mno-hw-div -mno-hw-mul -mno-hw-mulx -mgpopt=global  -o obj/default/hello_world_small.o hello_world_small.c
hello_world_small.c: In function 'main':
hello_world_small.c:65597:3: error: too many arguments to function 'runfft'
   runfft(0);
   ^
hello_world_small.c:18:6: note: declared here
 void runfft(void);
      ^
hello_world_small.c: At top level:
hello_world_small.c:65738:6: error: conflicting types for 'runfft'
 void runfft(int index) {
      ^
hello_world_small.c:18:6: note: previous declaration of 'runfft' was here
 void runfft(void);
      ^
hello_world_small.c:65612:13: warning: 'hori_time_isr' defined but not used [-Wunused-function]
 static void hori_time_isr(void * context, alt_u32 id) {
             ^
make: *** [obj/default/hello_world_small.o] Error 1
13:58:38 **** Incremental Build of configuration Nios II for project vgavisualizer ****
make all 
Info: Building ../vgavisualizer_bsp/
C:/intelFPGA_lite/18.1/nios2eds/bin/gnu/H-x86_64-mingw32/bin/make --no-print-directory -C ../vgavisualizer_bsp/
[BSP build complete]
Info: Compiling hello_world_small.c to obj/default/hello_world_small.o
nios2-elf-gcc -xc -MP -MMD -c -I../vgavisualizer_bsp//HAL/inc -I../vgavisualizer_bsp/ -I../vgavisualizer_bsp//drivers/inc  -pipe -D__hal__ -DALT_NO_C_PLUS_PLUS -DALT_NO_CLEAN_EXIT -D'exit(a)=_exit(a)' -DALT_NO_EXIT -DALT_USE_DIRECT_DRIVERS -DALT_NO_INSTRUCTION_EMULATION -DALT_USE_SMALL_DRIVERS -DALT_SINGLE_THREADED    -Os -g -Wall   -mno-hw-div -mno-hw-mul -mno-hw-mulx -mgpopt=global  -o obj/default/hello_world_small.o hello_world_small.c
hello_world_small.c: In function 'main':
hello_world_small.c:65597:3: error: too many arguments to function 'runfft'
   runfft(0);
   ^
hello_world_small.c:18:6: note: declared here
 void runfft(void);
      ^
hello_world_small.c: At top level:
hello_world_small.c:65738:6: error: conflicting types for 'runfft'
 void runfft(int index) {
      ^
hello_world_small.c:18:6: note: previous declaration of 'runfft' was here
 void runfft(void);
      ^
hello_world_small.c:65612:13: warning: 'hori_time_isr' defined but not used [-Wunused-function]
 static void hori_time_isr(void * context, alt_u32 id) {
             ^
make: *** [obj/default/hello_world_small.o] Error 1
13:59:02 **** Build of configuration Nios II for project vgavisualizer ****
make all 
Info: Building ../vgavisualizer_bsp/
C:/intelFPGA_lite/18.1/nios2eds/bin/gnu/H-x86_64-mingw32/bin/make --no-print-directory -C ../vgavisualizer_bsp/
[BSP build complete]
Info: Compiling hello_world_small.c to obj/default/hello_world_small.o
nios2-elf-gcc -xc -MP -MMD -c -I../vgavisualizer_bsp//HAL/inc -I../vgavisualizer_bsp/ -I../vgavisualizer_bsp//drivers/inc  -pipe -D__hal__ -DALT_NO_C_PLUS_PLUS -DALT_NO_CLEAN_EXIT -D'exit(a)=_exit(a)' -DALT_NO_EXIT -DALT_USE_DIRECT_DRIVERS -DALT_NO_INSTRUCTION_EMULATION -DALT_USE_SMALL_DRIVERS -DALT_SINGLE_THREADED    -Os -g -Wall   -mno-hw-div -mno-hw-mul -mno-hw-mulx -mgpopt=global  -o obj/default/hello_world_small.o hello_world_small.c
hello_world_small.c: In function 'main':
hello_world_small.c:65597:3: error: too many arguments to function 'runfft'
   runfft(0);
   ^
hello_world_small.c:18:6: note: declared here
 void runfft(void);
      ^
hello_world_small.c: At top level:
hello_world_small.c:65738:6: error: conflicting types for 'runfft'
 void runfft(int index) {
      ^
hello_world_small.c:18:6: note: previous declaration of 'runfft' was here
 void runfft(void);
      ^
hello_world_small.c:65612:13: warning: 'hori_time_isr' defined but not used [-Wunused-function]
 static void hori_time_isr(void * context, alt_u32 id) {
             ^
make: *** [obj/default/hello_world_small.o] Error 1
13:59:04 **** Incremental Build of configuration Nios II for project vgavisualizer ****
make all 
Info: Building ../vgavisualizer_bsp/
C:/intelFPGA_lite/18.1/nios2eds/bin/gnu/H-x86_64-mingw32/bin/make --no-print-directory -C ../vgavisualizer_bsp/
[BSP build complete]
Info: Compiling hello_world_small.c to obj/default/hello_world_small.o
nios2-elf-gcc -xc -MP -MMD -c -I../vgavisualizer_bsp//HAL/inc -I../vgavisualizer_bsp/ -I../vgavisualizer_bsp//drivers/inc  -pipe -D__hal__ -DALT_NO_C_PLUS_PLUS -DALT_NO_CLEAN_EXIT -D'exit(a)=_exit(a)' -DALT_NO_EXIT -DALT_USE_DIRECT_DRIVERS -DALT_NO_INSTRUCTION_EMULATION -DALT_USE_SMALL_DRIVERS -DALT_SINGLE_THREADED    -Os -g -Wall   -mno-hw-div -mno-hw-mul -mno-hw-mulx -mgpopt=global  -o obj/default/hello_world_small.o hello_world_small.c
hello_world_small.c:65612:13: warning: 'hori_time_isr' defined but not used [-Wunused-function]
 static void hori_time_isr(void * context, alt_u32 id) {
             ^
hello_world_small.c: In function 'runfft':
hello_world_small.c:65749:24: warning: iteration 31u invokes undefined behavior [-Waggressive-loop-optimizations]
      if (magn[j] > magn[j+1]) {
                        ^
hello_world_small.c:65748:5: note: containing loop
     for (int j = 0; j < N; j++) {
     ^
Info: Linking vgavisualizer.elf
nios2-elf-g++  -T'../vgavisualizer_bsp//linker.x' -msys-crt0='../vgavisualizer_bsp//obj/HAL/src/crt0.o' -msys-lib=hal_bsp -L../vgavisualizer_bsp/   -Wl,-Map=vgavisualizer.map   -Os -g -Wall   -mno-hw-div -mno-hw-mul -mno-hw-mulx -mgpopt=global  -o vgavisualizer.elf obj/default/hello_world_small.o -lm -msys-lib=m
c:/intelfpga_lite/18.1/nios2eds/bin/gnu/h-x86_64-mingw32/bin/../lib/gcc/nios2-elf/5.3.0/../../../../../H-x86_64-mingw32/nios2-elf/lib/mno-hw-mul\libc.a(closer.o): In function `_close_r':
/build/arc/temp/823101626/ACDS_lwr/ip/sopc/app/gnu/BUILD/gnu/build-newlib.nios2-elf.x86_64-w64-mingw32/nios2-elf/mno-hw-mul/newlib/libc/reent/../../../../../../src/newlib-2.2/newlib/libc/reent/closer.c:53: warning: warning: close is not implemented and will always fail
nios2-elf-insert vgavisualizer.elf --thread_model hal --cpu_name nios2_gen2_0 --qsys true --simulation_enabled false --stderr_dev jtag_uart_0 --stdin_dev jtag_uart_0 --stdout_dev jtag_uart_0 --sopc_system_name vga_system --quartus_project_dir "C:/Users/vishr/Desktop/UBC/CPEN391/module-2-vga/Quartus" --jdi ../..//output_files/vgavisual.jdi --sopcinfo C:/Users/vishr/Desktop/UBC/CPEN391/module-2-vga/Quartus/software/vgavisualizer_bsp/../../vga_system.sopcinfo
c:/intelfpga_lite/18.1/nios2eds/bin/gnu/h-x86_64-mingw32/bin/../lib/gcc/nios2-elf/5.3.0/../../../../../H-x86_64-mingw32/nios2-elf/lib/mno-hw-mul\libc.a(lib_a-lseekr.o): In function `_lseek_r':
/build/arc/temp/823101626/ACDS_lwr/ip/sopc/app/gnu/BUILD/gnu/build-newlib.nios2-elf.x86_64-w64-mingw32/nios2-elf/mno-hw-mul/newlib/libc/reent/../../../../../../src/newlib-2.2/newlib/libc/reent/lseekr.c:58: warning: warning: lseek is not implemented and will always fail
Info: (vgavisualizer.elf) 348 KBytes program size (code + initialized data).
Info:                     65256 KBytes free for stack + heap.
Info: Creating vgavisualizer.objdump
nios2-elf-objdump --disassemble --syms --all-header --source vgavisualizer.elf >vgavisualizer.objdump
[vgavisualizer build complete]
14:07:08 **** Build of configuration Nios II for project vgavisualizer ****
make all 
Info: Building ../vgavisualizer_bsp/
C:/intelFPGA_lite/18.1/nios2eds/bin/gnu/H-x86_64-mingw32/bin/make --no-print-directory -C ../vgavisualizer_bsp/
[BSP build complete]
Info: Compiling hello_world_small.c to obj/default/hello_world_small.o
nios2-elf-gcc -xc -MP -MMD -c -I../vgavisualizer_bsp//HAL/inc -I../vgavisualizer_bsp/ -I../vgavisualizer_bsp//drivers/inc  -pipe -D__hal__ -DALT_NO_C_PLUS_PLUS -DALT_NO_CLEAN_EXIT -D'exit(a)=_exit(a)' -DALT_NO_EXIT -DALT_USE_DIRECT_DRIVERS -DALT_NO_INSTRUCTION_EMULATION -DALT_USE_SMALL_DRIVERS -DALT_SINGLE_THREADED    -Os -g -Wall   -mno-hw-div -mno-hw-mul -mno-hw-mulx -mgpopt=global  -o obj/default/hello_world_small.o hello_world_small.c
hello_world_small.c:4172:13: warning: 'hori_time_isr' defined but not used [-Wunused-function]
 static void hori_time_isr(void * context, alt_u32 id) {
             ^
Info: Linking vgavisualizer.elf
nios2-elf-g++  -T'../vgavisualizer_bsp//linker.x' -msys-crt0='../vgavisualizer_bsp//obj/HAL/src/crt0.o' -msys-lib=hal_bsp -L../vgavisualizer_bsp/   -Wl,-Map=vgavisualizer.map   -Os -g -Wall   -mno-hw-div -mno-hw-mul -mno-hw-mulx -mgpopt=global  -o vgavisualizer.elf obj/default/hello_world_small.o -lm -msys-lib=m
c:/intelfpga_lite/18.1/nios2eds/bin/gnu/h-x86_64-mingw32/bin/../lib/gcc/nios2-elf/5.3.0/../../../../../H-x86_64-mingw32/nios2-elf/lib/mno-hw-mul\libc.a(closer.o): In function `_close_r':
/build/arc/temp/823101626/ACDS_lwr/ip/sopc/app/gnu/BUILD/gnu/build-newlib.nios2-elf.x86_64-w64-mingw32/nios2-elf/mno-hw-mul/newlib/libc/reent/../../../../../../src/newlib-2.2/newlib/libc/reent/closer.c:53: warning: warning: close is not implemented and will always fail
c:/intelfpga_lite/18.1/nios2eds/bin/gnu/h-x86_64-mingw32/bin/../lib/gcc/nios2-elf/5.3.0/../../../../../H-x86_64-mingw32/nios2-elf/lib/mno-hw-mul\libc.a(lib_a-lseekr.o): In function `_lseek_r':
nios2-elf-insert vgavisualizer.elf --thread_model hal --cpu_name nios2_gen2_0 --qsys true --simulation_enabled false --stderr_dev jtag_uart_0 --stdin_dev jtag_uart_0 --stdout_dev jtag_uart_0 --sopc_system_name vga_system --quartus_project_dir "C:/Users/vishr/Desktop/UBC/CPEN391/module-2-vga/Quartus" --jdi ../..//output_files/vgavisual.jdi --sopcinfo C:/Users/vishr/Desktop/UBC/CPEN391/module-2-vga/Quartus/software/vgavisualizer_bsp/../../vga_system.sopcinfo
/build/arc/temp/823101626/ACDS_lwr/ip/sopc/app/gnu/BUILD/gnu/build-newlib.nios2-elf.x86_64-w64-mingw32/nios2-elf/mno-hw-mul/newlib/libc/reent/../../../../../../src/newlib-2.2/newlib/libc/reent/lseekr.c:58: warning: warning: lseek is not implemented and will always fail
Info: (vgavisualizer.elf) 108 KBytes program size (code + initialized data).
Info:                     65496 KBytes free for stack + heap.
Info: Creating vgavisualizer.objdump
nios2-elf-objdump --disassemble --syms --all-header --source vgavisualizer.elf >vgavisualizer.objdump
[vgavisualizer build complete]
14:07:11 **** Incremental Build of configuration Nios II for project vgavisualizer ****
make all 
Info: Building ../vgavisualizer_bsp/
C:/intelFPGA_lite/18.1/nios2eds/bin/gnu/H-x86_64-mingw32/bin/make --no-print-directory -C ../vgavisualizer_bsp/
[BSP build complete]
[vgavisualizer build complete]
15:42:28 **** Build of configuration Nios II for project vgavisualizer ****
make all 
Info: Building ../vgavisualizer_bsp/
C:/intelFPGA_lite/18.1/nios2eds/bin/gnu/H-x86_64-mingw32/bin/make --no-print-directory -C ../vgavisualizer_bsp/
[BSP build complete]
Info: Compiling hello_world_small.c to obj/default/hello_world_small.o
nios2-elf-gcc -xc -MP -MMD -c -I../vgavisualizer_bsp//HAL/inc -I../vgavisualizer_bsp/ -I../vgavisualizer_bsp//drivers/inc  -pipe -D__hal__ -DALT_NO_C_PLUS_PLUS -DALT_NO_CLEAN_EXIT -D'exit(a)=_exit(a)' -DALT_NO_EXIT -DALT_USE_DIRECT_DRIVERS -DALT_NO_INSTRUCTION_EMULATION -DALT_USE_SMALL_DRIVERS -DALT_SINGLE_THREADED    -Os -g -Wall   -mno-hw-div -mno-hw-mul -mno-hw-mulx -mgpopt=global  -o obj/default/hello_world_small.o hello_world_small.c
hello_world_small.c:4174:13: warning: 'hori_time_isr' defined but not used [-Wunused-function]
 static void hori_time_isr(void * context, alt_u32 id) {
             ^
Info: Linking vgavisualizer.elf
nios2-elf-g++  -T'../vgavisualizer_bsp//linker.x' -msys-crt0='../vgavisualizer_bsp//obj/HAL/src/crt0.o' -msys-lib=hal_bsp -L../vgavisualizer_bsp/   -Wl,-Map=vgavisualizer.map   -Os -g -Wall   -mno-hw-div -mno-hw-mul -mno-hw-mulx -mgpopt=global  -o vgavisualizer.elf obj/default/hello_world_small.o -lm -msys-lib=m
c:/intelfpga_lite/18.1/nios2eds/bin/gnu/h-x86_64-mingw32/bin/../lib/gcc/nios2-elf/5.3.0/../../../../../H-x86_64-mingw32/nios2-elf/lib/mno-hw-mul\libc.a(closer.o): In function `_close_r':
/build/arc/temp/823101626/ACDS_lwr/ip/sopc/app/gnu/BUILD/gnu/build-newlib.nios2-elf.x86_64-w64-mingw32/nios2-elf/mno-hw-mul/newlib/libc/reent/../../../../../../src/newlib-2.2/newlib/libc/reent/closer.c:53: warning: warning: close is not implemented and will always fail
nios2-elf-insert vgavisualizer.elf --thread_model hal --cpu_name nios2_gen2_0 --qsys true --simulation_enabled false --stderr_dev jtag_uart_0 --stdin_dev jtag_uart_0 --stdout_dev jtag_uart_0 --sopc_system_name vga_system --quartus_project_dir "C:/Users/vishr/Desktop/UBC/CPEN391/module-2-vga/Quartus" --jdi ../..//output_files/vgavisual.jdi --sopcinfo C:/Users/vishr/Desktop/UBC/CPEN391/module-2-vga/Quartus/software/vgavisualizer_bsp/../../vga_system.sopcinfo
c:/intelfpga_lite/18.1/nios2eds/bin/gnu/h-x86_64-mingw32/bin/../lib/gcc/nios2-elf/5.3.0/../../../../../H-x86_64-mingw32/nios2-elf/lib/mno-hw-mul\libc.a(lib_a-lseekr.o): In function `_lseek_r':
/build/arc/temp/823101626/ACDS_lwr/ip/sopc/app/gnu/BUILD/gnu/build-newlib.nios2-elf.x86_64-w64-mingw32/nios2-elf/mno-hw-mul/newlib/libc/reent/../../../../../../src/newlib-2.2/newlib/libc/reent/lseekr.c:58: warning: warning: lseek is not implemented and will always fail
Info: (vgavisualizer.elf) 108 KBytes program size (code + initialized data).
Info:                     65496 KBytes free for stack + heap.
Info: Creating vgavisualizer.objdump
nios2-elf-objdump --disassemble --syms --all-header --source vgavisualizer.elf >vgavisualizer.objdump
[vgavisualizer build complete]
15:42:43 **** Incremental Build of configuration Nios II for project vgavisualizer ****
make all 
Info: Building ../vgavisualizer_bsp/
C:/intelFPGA_lite/18.1/nios2eds/bin/gnu/H-x86_64-mingw32/bin/make --no-print-directory -C ../vgavisualizer_bsp/
[BSP build complete]
[vgavisualizer build complete]
15:45:01 **** Build of configuration Nios II for project vgavisualizer ****
make all 
Info: Building ../vgavisualizer_bsp/
C:/intelFPGA_lite/18.1/nios2eds/bin/gnu/H-x86_64-mingw32/bin/make --no-print-directory -C ../vgavisualizer_bsp/
[BSP build complete]
Info: Compiling hello_world_small.c to obj/default/hello_world_small.o
nios2-elf-gcc -xc -MP -MMD -c -I../vgavisualizer_bsp//HAL/inc -I../vgavisualizer_bsp/ -I../vgavisualizer_bsp//drivers/inc  -pipe -D__hal__ -DALT_NO_C_PLUS_PLUS -DALT_NO_CLEAN_EXIT -D'exit(a)=_exit(a)' -DALT_NO_EXIT -DALT_USE_DIRECT_DRIVERS -DALT_NO_INSTRUCTION_EMULATION -DALT_USE_SMALL_DRIVERS -DALT_SINGLE_THREADED    -Os -g -Wall   -mno-hw-div -mno-hw-mul -mno-hw-mulx -mgpopt=global  -o obj/default/hello_world_small.o hello_world_small.c
hello_world_small.c:4174:13: warning: 'hori_time_isr' defined but not used [-Wunused-function]
 static void hori_time_isr(void * context, alt_u32 id) {
             ^
Info: Linking vgavisualizer.elf
nios2-elf-g++  -T'../vgavisualizer_bsp//linker.x' -msys-crt0='../vgavisualizer_bsp//obj/HAL/src/crt0.o' -msys-lib=hal_bsp -L../vgavisualizer_bsp/   -Wl,-Map=vgavisualizer.map   -Os -g -Wall   -mno-hw-div -mno-hw-mul -mno-hw-mulx -mgpopt=global  -o vgavisualizer.elf obj/default/hello_world_small.o -lm -msys-lib=m
c:/intelfpga_lite/18.1/nios2eds/bin/gnu/h-x86_64-mingw32/bin/../lib/gcc/nios2-elf/5.3.0/../../../../../H-x86_64-mingw32/nios2-elf/lib/mno-hw-mul\libc.a(closer.o): In function `_close_r':
/build/arc/temp/823101626/ACDS_lwr/ip/sopc/app/gnu/BUILD/gnu/build-newlib.nios2-elf.x86_64-w64-mingw32/nios2-elf/mno-hw-mul/newlib/libc/reent/../../../../../../src/newlib-2.2/newlib/libc/reent/closer.c:53: warning: warning: close is not implemented and will always fail
nios2-elf-insert vgavisualizer.elf --thread_model hal --cpu_name nios2_gen2_0 --qsys true --simulation_enabled false --stderr_dev jtag_uart_0 --stdin_dev jtag_uart_0 --stdout_dev jtag_uart_0 --sopc_system_name vga_system --quartus_project_dir "C:/Users/vishr/Desktop/UBC/CPEN391/module-2-vga/Quartus" --jdi ../..//output_files/vgavisual.jdi --sopcinfo C:/Users/vishr/Desktop/UBC/CPEN391/module-2-vga/Quartus/software/vgavisualizer_bsp/../../vga_system.sopcinfo
c:/intelfpga_lite/18.1/nios2eds/bin/gnu/h-x86_64-mingw32/bin/../lib/gcc/nios2-elf/5.3.0/../../../../../H-x86_64-mingw32/nios2-elf/lib/mno-hw-mul\libc.a(lib_a-lseekr.o): In function `_lseek_r':
/build/arc/temp/823101626/ACDS_lwr/ip/sopc/app/gnu/BUILD/gnu/build-newlib.nios2-elf.x86_64-w64-mingw32/nios2-elf/mno-hw-mul/newlib/libc/reent/../../../../../../src/newlib-2.2/newlib/libc/reent/lseekr.c:58: warning: warning: lseek is not implemented and will always fail
Info: (vgavisualizer.elf) 108 KBytes program size (code + initialized data).
Info:                     65496 KBytes free for stack + heap.
Info: Creating vgavisualizer.objdump
nios2-elf-objdump --disassemble --syms --all-header --source vgavisualizer.elf >vgavisualizer.objdump
[vgavisualizer build complete]
15:45:04 **** Incremental Build of configuration Nios II for project vgavisualizer ****
make all 
Info: Building ../vgavisualizer_bsp/
C:/intelFPGA_lite/18.1/nios2eds/bin/gnu/H-x86_64-mingw32/bin/make --no-print-directory -C ../vgavisualizer_bsp/
[BSP build complete]
[vgavisualizer build complete]
15:46:07 **** Build of configuration Nios II for project vgavisualizer ****
make all 
Info: Building ../vgavisualizer_bsp/
C:/intelFPGA_lite/18.1/nios2eds/bin/gnu/H-x86_64-mingw32/bin/make --no-print-directory -C ../vgavisualizer_bsp/
[BSP build complete]
Info: Compiling hello_world_small.c to obj/default/hello_world_small.o
nios2-elf-gcc -xc -MP -MMD -c -I../vgavisualizer_bsp//HAL/inc -I../vgavisualizer_bsp/ -I../vgavisualizer_bsp//drivers/inc  -pipe -D__hal__ -DALT_NO_C_PLUS_PLUS -DALT_NO_CLEAN_EXIT -D'exit(a)=_exit(a)' -DALT_NO_EXIT -DALT_USE_DIRECT_DRIVERS -DALT_NO_INSTRUCTION_EMULATION -DALT_USE_SMALL_DRIVERS -DALT_SINGLE_THREADED    -Os -g -Wall   -mno-hw-div -mno-hw-mul -mno-hw-mulx -mgpopt=global  -o obj/default/hello_world_small.o hello_world_small.c
hello_world_small.c:4174:13: warning: 'hori_time_isr' defined but not used [-Wunused-function]
 static void hori_time_isr(void * context, alt_u32 id) {
             ^
Info: Linking vgavisualizer.elf
nios2-elf-g++  -T'../vgavisualizer_bsp//linker.x' -msys-crt0='../vgavisualizer_bsp//obj/HAL/src/crt0.o' -msys-lib=hal_bsp -L../vgavisualizer_bsp/   -Wl,-Map=vgavisualizer.map   -Os -g -Wall   -mno-hw-div -mno-hw-mul -mno-hw-mulx -mgpopt=global  -o vgavisualizer.elf obj/default/hello_world_small.o -lm -msys-lib=m
c:/intelfpga_lite/18.1/nios2eds/bin/gnu/h-x86_64-mingw32/bin/../lib/gcc/nios2-elf/5.3.0/../../../../../H-x86_64-mingw32/nios2-elf/lib/mno-hw-mul\libc.a(closer.o): In function `_close_r':
/build/arc/temp/823101626/ACDS_lwr/ip/sopc/app/gnu/BUILD/gnu/build-newlib.nios2-elf.x86_64-w64-mingw32/nios2-elf/mno-hw-mul/newlib/libc/reent/../../../../../../src/newlib-2.2/newlib/libc/reent/closer.c:53: warning: warning: close is not implemented and will always fail
nios2-elf-insert vgavisualizer.elf --thread_model hal --cpu_name nios2_gen2_0 --qsys true --simulation_enabled false --stderr_dev jtag_uart_0 --stdin_dev jtag_uart_0 --stdout_dev jtag_uart_0 --sopc_system_name vga_system --quartus_project_dir "C:/Users/vishr/Desktop/UBC/CPEN391/module-2-vga/Quartus" --jdi ../..//output_files/vgavisual.jdi --sopcinfo C:/Users/vishr/Desktop/UBC/CPEN391/module-2-vga/Quartus/software/vgavisualizer_bsp/../../vga_system.sopcinfo
c:/intelfpga_lite/18.1/nios2eds/bin/gnu/h-x86_64-mingw32/bin/../lib/gcc/nios2-elf/5.3.0/../../../../../H-x86_64-mingw32/nios2-elf/lib/mno-hw-mul\libc.a(lib_a-lseekr.o): In function `_lseek_r':
/build/arc/temp/823101626/ACDS_lwr/ip/sopc/app/gnu/BUILD/gnu/build-newlib.nios2-elf.x86_64-w64-mingw32/nios2-elf/mno-hw-mul/newlib/libc/reent/../../../../../../src/newlib-2.2/newlib/libc/reent/lseekr.c:58: warning: warning: lseek is not implemented and will always fail
Info: (vgavisualizer.elf) 108 KBytes program size (code + initialized data).
Info:                     65496 KBytes free for stack + heap.
Info: Creating vgavisualizer.objdump
nios2-elf-objdump --disassemble --syms --all-header --source vgavisualizer.elf >vgavisualizer.objdump
[vgavisualizer build complete]
15:46:10 **** Incremental Build of configuration Nios II for project vgavisualizer ****
make all 
Info: Building ../vgavisualizer_bsp/
C:/intelFPGA_lite/18.1/nios2eds/bin/gnu/H-x86_64-mingw32/bin/make --no-print-directory -C ../vgavisualizer_bsp/
[BSP build complete]
[vgavisualizer build complete]
15:49:32 **** Build of configuration Nios II for project vgavisualizer ****
make all 
Info: Building ../vgavisualizer_bsp/
C:/intelFPGA_lite/18.1/nios2eds/bin/gnu/H-x86_64-mingw32/bin/make --no-print-directory -C ../vgavisualizer_bsp/
[BSP build complete]
Info: Compiling hello_world_small.c to obj/default/hello_world_small.o
nios2-elf-gcc -xc -MP -MMD -c -I../vgavisualizer_bsp//HAL/inc -I../vgavisualizer_bsp/ -I../vgavisualizer_bsp//drivers/inc  -pipe -D__hal__ -DALT_NO_C_PLUS_PLUS -DALT_NO_CLEAN_EXIT -D'exit(a)=_exit(a)' -DALT_NO_EXIT -DALT_USE_DIRECT_DRIVERS -DALT_NO_INSTRUCTION_EMULATION -DALT_USE_SMALL_DRIVERS -DALT_SINGLE_THREADED    -Os -g -Wall   -mno-hw-div -mno-hw-mul -mno-hw-mulx -mgpopt=global  -o obj/default/hello_world_small.o hello_world_small.c
hello_world_small.c: In function 'vert_time_isr':
hello_world_small.c:4223:13: warning: unused variable 'progress' [-Wunused-variable]
  static int progress = 0;
             ^
hello_world_small.c:4222:13: warning: unused variable 'pick' [-Wunused-variable]
  static int pick = 0;
             ^
hello_world_small.c: At top level:
hello_world_small.c:4174:13: warning: 'hori_time_isr' defined but not used [-Wunused-function]
 static void hori_time_isr(void * context, alt_u32 id) {
             ^
Info: Linking vgavisualizer.elf
nios2-elf-g++  -T'../vgavisualizer_bsp//linker.x' -msys-crt0='../vgavisualizer_bsp//obj/HAL/src/crt0.o' -msys-lib=hal_bsp -L../vgavisualizer_bsp/   -Wl,-Map=vgavisualizer.map   -Os -g -Wall   -mno-hw-div -mno-hw-mul -mno-hw-mulx -mgpopt=global  -o vgavisualizer.elf obj/default/hello_world_small.o -lm -msys-lib=m
c:/intelfpga_lite/18.1/nios2eds/bin/gnu/h-x86_64-mingw32/bin/../lib/gcc/nios2-elf/5.3.0/../../../../../H-x86_64-mingw32/nios2-elf/lib/mno-hw-mul\libc.a(closer.o): In function `_close_r':
/build/arc/temp/823101626/ACDS_lwr/ip/sopc/app/gnu/BUILD/gnu/build-newlib.nios2-elf.x86_64-w64-mingw32/nios2-elf/mno-hw-mul/newlib/libc/reent/../../../../../../src/newlib-2.2/newlib/libc/reent/closer.c:53: warning: warning: close is not implemented and will always fail
nios2-elf-insert vgavisualizer.elf --thread_model hal --cpu_name nios2_gen2_0 --qsys true --simulation_enabled false --stderr_dev jtag_uart_0 --stdin_dev jtag_uart_0 --stdout_dev jtag_uart_0 --sopc_system_name vga_system --quartus_project_dir "C:/Users/vishr/Desktop/UBC/CPEN391/module-2-vga/Quartus" --jdi ../..//output_files/vgavisual.jdi --sopcinfo C:/Users/vishr/Desktop/UBC/CPEN391/module-2-vga/Quartus/software/vgavisualizer_bsp/../../vga_system.sopcinfo
c:/intelfpga_lite/18.1/nios2eds/bin/gnu/h-x86_64-mingw32/bin/../lib/gcc/nios2-elf/5.3.0/../../../../../H-x86_64-mingw32/nios2-elf/lib/mno-hw-mul\libc.a(lib_a-lseekr.o): In function `_lseek_r':
/build/arc/temp/823101626/ACDS_lwr/ip/sopc/app/gnu/BUILD/gnu/build-newlib.nios2-elf.x86_64-w64-mingw32/nios2-elf/mno-hw-mul/newlib/libc/reent/../../../../../../src/newlib-2.2/newlib/libc/reent/lseekr.c:58: warning: warning: lseek is not implemented and will always fail
Info: (vgavisualizer.elf) 108 KBytes program size (code + initialized data).
Info:                     65496 KBytes free for stack + heap.
Info: Creating vgavisualizer.objdump
nios2-elf-objdump --disassemble --syms --all-header --source vgavisualizer.elf >vgavisualizer.objdump
[vgavisualizer build complete]
15:49:34 **** Incremental Build of configuration Nios II for project vgavisualizer ****
make all 
Info: Building ../vgavisualizer_bsp/
C:/intelFPGA_lite/18.1/nios2eds/bin/gnu/H-x86_64-mingw32/bin/make --no-print-directory -C ../vgavisualizer_bsp/
[BSP build complete]
[vgavisualizer build complete]
15:53:37 **** Build of configuration Nios II for project vgavisualizer ****
make all 
Info: Building ../vgavisualizer_bsp/
C:/intelFPGA_lite/18.1/nios2eds/bin/gnu/H-x86_64-mingw32/bin/make --no-print-directory -C ../vgavisualizer_bsp/
[BSP build complete]
Info: Compiling hello_world_small.c to obj/default/hello_world_small.o
nios2-elf-gcc -xc -MP -MMD -c -I../vgavisualizer_bsp//HAL/inc -I../vgavisualizer_bsp/ -I../vgavisualizer_bsp//drivers/inc  -pipe -D__hal__ -DALT_NO_C_PLUS_PLUS -DALT_NO_CLEAN_EXIT -D'exit(a)=_exit(a)' -DALT_NO_EXIT -DALT_USE_DIRECT_DRIVERS -DALT_NO_INSTRUCTION_EMULATION -DALT_USE_SMALL_DRIVERS -DALT_SINGLE_THREADED    -Os -g -Wall   -mno-hw-div -mno-hw-mul -mno-hw-mulx -mgpopt=global  -o obj/default/hello_world_small.o hello_world_small.c
hello_world_small.c: In function 'vert_time_isr':
hello_world_small.c:4224:13: warning: unused variable 'progress' [-Wunused-variable]
  static int progress = 0;
             ^
hello_world_small.c:4223:13: warning: unused variable 'pick' [-Wunused-variable]
  static int pick = 0;
             ^
hello_world_small.c: At top level:
hello_world_small.c:4175:13: warning: 'hori_time_isr' defined but not used [-Wunused-function]
 static void hori_time_isr(void * context, alt_u32 id) {
             ^
Info: Linking vgavisualizer.elf
nios2-elf-g++  -T'../vgavisualizer_bsp//linker.x' -msys-crt0='../vgavisualizer_bsp//obj/HAL/src/crt0.o' -msys-lib=hal_bsp -L../vgavisualizer_bsp/   -Wl,-Map=vgavisualizer.map   -Os -g -Wall   -mno-hw-div -mno-hw-mul -mno-hw-mulx -mgpopt=global  -o vgavisualizer.elf obj/default/hello_world_small.o -lm -msys-lib=m
c:/intelfpga_lite/18.1/nios2eds/bin/gnu/h-x86_64-mingw32/bin/../lib/gcc/nios2-elf/5.3.0/../../../../../H-x86_64-mingw32/nios2-elf/lib/mno-hw-mul\libc.a(closer.o): In function `_close_r':
/build/arc/temp/823101626/ACDS_lwr/ip/sopc/app/gnu/BUILD/gnu/build-newlib.nios2-elf.x86_64-w64-mingw32/nios2-elf/mno-hw-mul/newlib/libc/reent/../../../../../../src/newlib-2.2/newlib/libc/reent/closer.c:53: warning: warning: close is not implemented and will always fail
nios2-elf-insert vgavisualizer.elf --thread_model hal --cpu_name nios2_gen2_0 --qsys true --simulation_enabled false --stderr_dev jtag_uart_0 --stdin_dev jtag_uart_0 --stdout_dev jtag_uart_0 --sopc_system_name vga_system --quartus_project_dir "C:/Users/vishr/Desktop/UBC/CPEN391/module-2-vga/Quartus" --jdi ../..//output_files/vgavisual.jdi --sopcinfo C:/Users/vishr/Desktop/UBC/CPEN391/module-2-vga/Quartus/software/vgavisualizer_bsp/../../vga_system.sopcinfo
c:/intelfpga_lite/18.1/nios2eds/bin/gnu/h-x86_64-mingw32/bin/../lib/gcc/nios2-elf/5.3.0/../../../../../H-x86_64-mingw32/nios2-elf/lib/mno-hw-mul\libc.a(lib_a-lseekr.o): In function `_lseek_r':
/build/arc/temp/823101626/ACDS_lwr/ip/sopc/app/gnu/BUILD/gnu/build-newlib.nios2-elf.x86_64-w64-mingw32/nios2-elf/mno-hw-mul/newlib/libc/reent/../../../../../../src/newlib-2.2/newlib/libc/reent/lseekr.c:58: warning: warning: lseek is not implemented and will always fail
Info: (vgavisualizer.elf) 108 KBytes program size (code + initialized data).
Info:                     65496 KBytes free for stack + heap.
Info: Creating vgavisualizer.objdump
nios2-elf-objdump --disassemble --syms --all-header --source vgavisualizer.elf >vgavisualizer.objdump
[vgavisualizer build complete]
15:53:40 **** Incremental Build of configuration Nios II for project vgavisualizer ****
make all 
Info: Building ../vgavisualizer_bsp/
C:/intelFPGA_lite/18.1/nios2eds/bin/gnu/H-x86_64-mingw32/bin/make --no-print-directory -C ../vgavisualizer_bsp/
[BSP build complete]
[vgavisualizer build complete]
15:54:39 **** Build of configuration Nios II for project vgavisualizer ****
make all 
Info: Building ../vgavisualizer_bsp/
C:/intelFPGA_lite/18.1/nios2eds/bin/gnu/H-x86_64-mingw32/bin/make --no-print-directory -C ../vgavisualizer_bsp/
[BSP build complete]
Info: Compiling hello_world_small.c to obj/default/hello_world_small.o
nios2-elf-gcc -xc -MP -MMD -c -I../vgavisualizer_bsp//HAL/inc -I../vgavisualizer_bsp/ -I../vgavisualizer_bsp//drivers/inc  -pipe -D__hal__ -DALT_NO_C_PLUS_PLUS -DALT_NO_CLEAN_EXIT -D'exit(a)=_exit(a)' -DALT_NO_EXIT -DALT_USE_DIRECT_DRIVERS -DALT_NO_INSTRUCTION_EMULATION -DALT_USE_SMALL_DRIVERS -DALT_SINGLE_THREADED    -Os -g -Wall   -mno-hw-div -mno-hw-mul -mno-hw-mulx -mgpopt=global  -o obj/default/hello_world_small.o hello_world_small.c
hello_world_small.c: In function 'vert_time_isr':
hello_world_small.c:4224:13: warning: unused variable 'progress' [-Wunused-variable]
  static int progress = 0;
             ^
hello_world_small.c:4223:13: warning: unused variable 'pick' [-Wunused-variable]
  static int pick = 0;
             ^
hello_world_small.c: At top level:
hello_world_small.c:4175:13: warning: 'hori_time_isr' defined but not used [-Wunused-function]
 static void hori_time_isr(void * context, alt_u32 id) {
             ^
Info: Linking vgavisualizer.elf
nios2-elf-g++  -T'../vgavisualizer_bsp//linker.x' -msys-crt0='../vgavisualizer_bsp//obj/HAL/src/crt0.o' -msys-lib=hal_bsp -L../vgavisualizer_bsp/   -Wl,-Map=vgavisualizer.map   -Os -g -Wall   -mno-hw-div -mno-hw-mul -mno-hw-mulx -mgpopt=global  -o vgavisualizer.elf obj/default/hello_world_small.o -lm -msys-lib=m
c:/intelfpga_lite/18.1/nios2eds/bin/gnu/h-x86_64-mingw32/bin/../lib/gcc/nios2-elf/5.3.0/../../../../../H-x86_64-mingw32/nios2-elf/lib/mno-hw-mul\libc.a(closer.o): In function `_close_r':
/build/arc/temp/823101626/ACDS_lwr/ip/sopc/app/gnu/BUILD/gnu/build-newlib.nios2-elf.x86_64-w64-mingw32/nios2-elf/mno-hw-mul/newlib/libc/reent/../../../../../../src/newlib-2.2/newlib/libc/reent/closer.c:53: warning: warning: close is not implemented and will always fail
nios2-elf-insert vgavisualizer.elf --thread_model hal --cpu_name nios2_gen2_0 --qsys true --simulation_enabled false --stderr_dev jtag_uart_0 --stdin_dev jtag_uart_0 --stdout_dev jtag_uart_0 --sopc_system_name vga_system --quartus_project_dir "C:/Users/vishr/Desktop/UBC/CPEN391/module-2-vga/Quartus" --jdi ../..//output_files/vgavisual.jdi --sopcinfo C:/Users/vishr/Desktop/UBC/CPEN391/module-2-vga/Quartus/software/vgavisualizer_bsp/../../vga_system.sopcinfo
c:/intelfpga_lite/18.1/nios2eds/bin/gnu/h-x86_64-mingw32/bin/../lib/gcc/nios2-elf/5.3.0/../../../../../H-x86_64-mingw32/nios2-elf/lib/mno-hw-mul\libc.a(lib_a-lseekr.o): In function `_lseek_r':
/build/arc/temp/823101626/ACDS_lwr/ip/sopc/app/gnu/BUILD/gnu/build-newlib.nios2-elf.x86_64-w64-mingw32/nios2-elf/mno-hw-mul/newlib/libc/reent/../../../../../../src/newlib-2.2/newlib/libc/reent/lseekr.c:58: warning: warning: lseek is not implemented and will always fail
Info: (vgavisualizer.elf) 108 KBytes program size (code + initialized data).
Info:                     65496 KBytes free for stack + heap.
Info: Creating vgavisualizer.objdump
nios2-elf-objdump --disassemble --syms --all-header --source vgavisualizer.elf >vgavisualizer.objdump
[vgavisualizer build complete]
15:54:41 **** Incremental Build of configuration Nios II for project vgavisualizer ****
make all 
Info: Building ../vgavisualizer_bsp/
C:/intelFPGA_lite/18.1/nios2eds/bin/gnu/H-x86_64-mingw32/bin/make --no-print-directory -C ../vgavisualizer_bsp/
[BSP build complete]
[vgavisualizer build complete]
15:57:05 **** Build of configuration Nios II for project vgavisualizer ****
make all 
Info: Building ../vgavisualizer_bsp/
C:/intelFPGA_lite/18.1/nios2eds/bin/gnu/H-x86_64-mingw32/bin/make --no-print-directory -C ../vgavisualizer_bsp/
[BSP build complete]
Info: Compiling hello_world_small.c to obj/default/hello_world_small.o
nios2-elf-gcc -xc -MP -MMD -c -I../vgavisualizer_bsp//HAL/inc -I../vgavisualizer_bsp/ -I../vgavisualizer_bsp//drivers/inc  -pipe -D__hal__ -DALT_NO_C_PLUS_PLUS -DALT_NO_CLEAN_EXIT -D'exit(a)=_exit(a)' -DALT_NO_EXIT -DALT_USE_DIRECT_DRIVERS -DALT_NO_INSTRUCTION_EMULATION -DALT_USE_SMALL_DRIVERS -DALT_SINGLE_THREADED    -Os -g -Wall   -mno-hw-div -mno-hw-mul -mno-hw-mulx -mgpopt=global  -o obj/default/hello_world_small.o hello_world_small.c
hello_world_small.c: In function 'vert_time_isr':
hello_world_small.c:4223:13: warning: unused variable 'pick' [-Wunused-variable]
  static int pick = 0;
             ^
hello_world_small.c: At top level:
hello_world_small.c:4175:13: warning: 'hori_time_isr' defined but not used [-Wunused-function]
 static void hori_time_isr(void * context, alt_u32 id) {
             ^
Info: Linking vgavisualizer.elf
nios2-elf-g++  -T'../vgavisualizer_bsp//linker.x' -msys-crt0='../vgavisualizer_bsp//obj/HAL/src/crt0.o' -msys-lib=hal_bsp -L../vgavisualizer_bsp/   -Wl,-Map=vgavisualizer.map   -Os -g -Wall   -mno-hw-div -mno-hw-mul -mno-hw-mulx -mgpopt=global  -o vgavisualizer.elf obj/default/hello_world_small.o -lm -msys-lib=m
c:/intelfpga_lite/18.1/nios2eds/bin/gnu/h-x86_64-mingw32/bin/../lib/gcc/nios2-elf/5.3.0/../../../../../H-x86_64-mingw32/nios2-elf/lib/mno-hw-mul\libc.a(closer.o): In function `_close_r':
/build/arc/temp/823101626/ACDS_lwr/ip/sopc/app/gnu/BUILD/gnu/build-newlib.nios2-elf.x86_64-w64-mingw32/nios2-elf/mno-hw-mul/newlib/libc/reent/../../../../../../src/newlib-2.2/newlib/libc/reent/closer.c:53: warning: warning: close is not implemented and will always fail
nios2-elf-insert vgavisualizer.elf --thread_model hal --cpu_name nios2_gen2_0 --qsys true --simulation_enabled false --stderr_dev jtag_uart_0 --stdin_dev jtag_uart_0 --stdout_dev jtag_uart_0 --sopc_system_name vga_system --quartus_project_dir "C:/Users/vishr/Desktop/UBC/CPEN391/module-2-vga/Quartus" --jdi ../..//output_files/vgavisual.jdi --sopcinfo C:/Users/vishr/Desktop/UBC/CPEN391/module-2-vga/Quartus/software/vgavisualizer_bsp/../../vga_system.sopcinfo
c:/intelfpga_lite/18.1/nios2eds/bin/gnu/h-x86_64-mingw32/bin/../lib/gcc/nios2-elf/5.3.0/../../../../../H-x86_64-mingw32/nios2-elf/lib/mno-hw-mul\libc.a(lib_a-lseekr.o): In function `_lseek_r':
/build/arc/temp/823101626/ACDS_lwr/ip/sopc/app/gnu/BUILD/gnu/build-newlib.nios2-elf.x86_64-w64-mingw32/nios2-elf/mno-hw-mul/newlib/libc/reent/../../../../../../src/newlib-2.2/newlib/libc/reent/lseekr.c:58: warning: warning: lseek is not implemented and will always fail
Info: (vgavisualizer.elf) 109 KBytes program size (code + initialized data).
Info:                     65496 KBytes free for stack + heap.
Info: Creating vgavisualizer.objdump
nios2-elf-objdump --disassemble --syms --all-header --source vgavisualizer.elf >vgavisualizer.objdump
[vgavisualizer build complete]
15:57:07 **** Incremental Build of configuration Nios II for project vgavisualizer ****
make all 
Info: Building ../vgavisualizer_bsp/
C:/intelFPGA_lite/18.1/nios2eds/bin/gnu/H-x86_64-mingw32/bin/make --no-print-directory -C ../vgavisualizer_bsp/
[BSP build complete]
[vgavisualizer build complete]
15:59:25 **** Build of configuration Nios II for project vgavisualizer ****
make all 
Info: Building ../vgavisualizer_bsp/
C:/intelFPGA_lite/18.1/nios2eds/bin/gnu/H-x86_64-mingw32/bin/make --no-print-directory -C ../vgavisualizer_bsp/
[BSP build complete]
Info: Compiling hello_world_small.c to obj/default/hello_world_small.o
nios2-elf-gcc -xc -MP -MMD -c -I../vgavisualizer_bsp//HAL/inc -I../vgavisualizer_bsp/ -I../vgavisualizer_bsp//drivers/inc  -pipe -D__hal__ -DALT_NO_C_PLUS_PLUS -DALT_NO_CLEAN_EXIT -D'exit(a)=_exit(a)' -DALT_NO_EXIT -DALT_USE_DIRECT_DRIVERS -DALT_NO_INSTRUCTION_EMULATION -DALT_USE_SMALL_DRIVERS -DALT_SINGLE_THREADED    -Os -g -Wall   -mno-hw-div -mno-hw-mul -mno-hw-mulx -mgpopt=global  -o obj/default/hello_world_small.o hello_world_small.c
hello_world_small.c:4175:13: warning: 'hori_time_isr' defined but not used [-Wunused-function]
 static void hori_time_isr(void * context, alt_u32 id) {
             ^
Info: Linking vgavisualizer.elf
nios2-elf-g++  -T'../vgavisualizer_bsp//linker.x' -msys-crt0='../vgavisualizer_bsp//obj/HAL/src/crt0.o' -msys-lib=hal_bsp -L../vgavisualizer_bsp/   -Wl,-Map=vgavisualizer.map   -Os -g -Wall   -mno-hw-div -mno-hw-mul -mno-hw-mulx -mgpopt=global  -o vgavisualizer.elf obj/default/hello_world_small.o -lm -msys-lib=m
c:/intelfpga_lite/18.1/nios2eds/bin/gnu/h-x86_64-mingw32/bin/../lib/gcc/nios2-elf/5.3.0/../../../../../H-x86_64-mingw32/nios2-elf/lib/mno-hw-mul\libc.a(closer.o): In function `_close_r':
/build/arc/temp/823101626/ACDS_lwr/ip/sopc/app/gnu/BUILD/gnu/build-newlib.nios2-elf.x86_64-w64-mingw32/nios2-elf/mno-hw-mul/newlib/libc/reent/../../../../../../src/newlib-2.2/newlib/libc/reent/closer.c:53: warning: warning: close is not implemented and will always fail
nios2-elf-insert vgavisualizer.elf --thread_model hal --cpu_name nios2_gen2_0 --qsys true --simulation_enabled false --stderr_dev jtag_uart_0 --stdin_dev jtag_uart_0 --stdout_dev jtag_uart_0 --sopc_system_name vga_system --quartus_project_dir "C:/Users/vishr/Desktop/UBC/CPEN391/module-2-vga/Quartus" --jdi ../..//output_files/vgavisual.jdi --sopcinfo C:/Users/vishr/Desktop/UBC/CPEN391/module-2-vga/Quartus/software/vgavisualizer_bsp/../../vga_system.sopcinfo
c:/intelfpga_lite/18.1/nios2eds/bin/gnu/h-x86_64-mingw32/bin/../lib/gcc/nios2-elf/5.3.0/../../../../../H-x86_64-mingw32/nios2-elf/lib/mno-hw-mul\libc.a(lib_a-lseekr.o): In function `_lseek_r':
/build/arc/temp/823101626/ACDS_lwr/ip/sopc/app/gnu/BUILD/gnu/build-newlib.nios2-elf.x86_64-w64-mingw32/nios2-elf/mno-hw-mul/newlib/libc/reent/../../../../../../src/newlib-2.2/newlib/libc/reent/lseekr.c:58: warning: warning: lseek is not implemented and will always fail
Info: (vgavisualizer.elf) 108 KBytes program size (code + initialized data).
Info:                     65496 KBytes free for stack + heap.
Info: Creating vgavisualizer.objdump
nios2-elf-objdump --disassemble --syms --all-header --source vgavisualizer.elf >vgavisualizer.objdump
[vgavisualizer build complete]
15:59:28 **** Incremental Build of configuration Nios II for project vgavisualizer ****
make all 
Info: Building ../vgavisualizer_bsp/
C:/intelFPGA_lite/18.1/nios2eds/bin/gnu/H-x86_64-mingw32/bin/make --no-print-directory -C ../vgavisualizer_bsp/
[BSP build complete]
[vgavisualizer build complete]
16:01:28 **** Build of configuration Nios II for project vgavisualizer ****
make all 
Info: Building ../vgavisualizer_bsp/
C:/intelFPGA_lite/18.1/nios2eds/bin/gnu/H-x86_64-mingw32/bin/make --no-print-directory -C ../vgavisualizer_bsp/
[BSP build complete]
Info: Compiling hello_world_small.c to obj/default/hello_world_small.o
nios2-elf-gcc -xc -MP -MMD -c -I../vgavisualizer_bsp//HAL/inc -I../vgavisualizer_bsp/ -I../vgavisualizer_bsp//drivers/inc  -pipe -D__hal__ -DALT_NO_C_PLUS_PLUS -DALT_NO_CLEAN_EXIT -D'exit(a)=_exit(a)' -DALT_NO_EXIT -DALT_USE_DIRECT_DRIVERS -DALT_NO_INSTRUCTION_EMULATION -DALT_USE_SMALL_DRIVERS -DALT_SINGLE_THREADED    -Os -g -Wall   -mno-hw-div -mno-hw-mul -mno-hw-mulx -mgpopt=global  -o obj/default/hello_world_small.o hello_world_small.c
hello_world_small.c:4175:13: warning: 'hori_time_isr' defined but not used [-Wunused-function]
 static void hori_time_isr(void * context, alt_u32 id) {
             ^
Info: Linking vgavisualizer.elf
nios2-elf-g++  -T'../vgavisualizer_bsp//linker.x' -msys-crt0='../vgavisualizer_bsp//obj/HAL/src/crt0.o' -msys-lib=hal_bsp -L../vgavisualizer_bsp/   -Wl,-Map=vgavisualizer.map   -Os -g -Wall   -mno-hw-div -mno-hw-mul -mno-hw-mulx -mgpopt=global  -o vgavisualizer.elf obj/default/hello_world_small.o -lm -msys-lib=m
nios2-elf-insert vgavisualizer.elf --thread_model hal --cpu_name nios2_gen2_0 --qsys true --simulation_enabled false --stderr_dev jtag_uart_0 --stdin_dev jtag_uart_0 --stdout_dev jtag_uart_0 --sopc_system_name vga_system --quartus_project_dir "C:/Users/vishr/Desktop/UBC/CPEN391/module-2-vga/Quartus" --jdi ../..//output_files/vgavisual.jdi --sopcinfo C:/Users/vishr/Desktop/UBC/CPEN391/module-2-vga/Quartus/software/vgavisualizer_bsp/../../vga_system.sopcinfo
Info: (vgavisualizer.elf) 65 KBytes program size (code + initialized data).
Info:                     65497 KBytes free for stack + heap.
Info: Creating vgavisualizer.objdump
nios2-elf-objdump --disassemble --syms --all-header --source vgavisualizer.elf >vgavisualizer.objdump
[vgavisualizer build complete]
16:01:30 **** Incremental Build of configuration Nios II for project vgavisualizer ****
make all 
Info: Building ../vgavisualizer_bsp/
C:/intelFPGA_lite/18.1/nios2eds/bin/gnu/H-x86_64-mingw32/bin/make --no-print-directory -C ../vgavisualizer_bsp/
[BSP build complete]
[vgavisualizer build complete]
16:09:57 **** Build of configuration Nios II for project vgavisualizer ****
make all 
Info: Building ../vgavisualizer_bsp/
C:/intelFPGA_lite/18.1/nios2eds/bin/gnu/H-x86_64-mingw32/bin/make --no-print-directory -C ../vgavisualizer_bsp/
[BSP build complete]
Info: Compiling hello_world_small.c to obj/default/hello_world_small.o
nios2-elf-gcc -xc -MP -MMD -c -I../vgavisualizer_bsp//HAL/inc -I../vgavisualizer_bsp/ -I../vgavisualizer_bsp//drivers/inc  -pipe -D__hal__ -DALT_NO_C_PLUS_PLUS -DALT_NO_CLEAN_EXIT -D'exit(a)=_exit(a)' -DALT_NO_EXIT -DALT_USE_DIRECT_DRIVERS -DALT_NO_INSTRUCTION_EMULATION -DALT_USE_SMALL_DRIVERS -DALT_SINGLE_THREADED    -Os -g -Wall   -mno-hw-div -mno-hw-mul -mno-hw-mulx -mgpopt=global  -o obj/default/hello_world_small.o hello_world_small.c
hello_world_small.c:4175:13: warning: 'hori_time_isr' defined but not used [-Wunused-function]
 static void hori_time_isr(void * context, alt_u32 id) {
             ^
Info: Linking vgavisualizer.elf
nios2-elf-g++  -T'../vgavisualizer_bsp//linker.x' -msys-crt0='../vgavisualizer_bsp//obj/HAL/src/crt0.o' -msys-lib=hal_bsp -L../vgavisualizer_bsp/   -Wl,-Map=vgavisualizer.map   -Os -g -Wall   -mno-hw-div -mno-hw-mul -mno-hw-mulx -mgpopt=global  -o vgavisualizer.elf obj/default/hello_world_small.o -lm -msys-lib=m
nios2-elf-insert vgavisualizer.elf --thread_model hal --cpu_name nios2_gen2_0 --qsys true --simulation_enabled false --stderr_dev jtag_uart_0 --stdin_dev jtag_uart_0 --stdout_dev jtag_uart_0 --sopc_system_name vga_system --quartus_project_dir "C:/Users/vishr/Desktop/UBC/CPEN391/module-2-vga/Quartus" --jdi ../..//output_files/vgavisual.jdi --sopcinfo C:/Users/vishr/Desktop/UBC/CPEN391/module-2-vga/Quartus/software/vgavisualizer_bsp/../../vga_system.sopcinfo
Info: (vgavisualizer.elf) 64 KBytes program size (code + initialized data).
Info:                     65497 KBytes free for stack + heap.
Info: Creating vgavisualizer.objdump
nios2-elf-objdump --disassemble --syms --all-header --source vgavisualizer.elf >vgavisualizer.objdump
[vgavisualizer build complete]
16:09:59 **** Incremental Build of configuration Nios II for project vgavisualizer ****
make all 
Info: Building ../vgavisualizer_bsp/
C:/intelFPGA_lite/18.1/nios2eds/bin/gnu/H-x86_64-mingw32/bin/make --no-print-directory -C ../vgavisualizer_bsp/
[BSP build complete]
[vgavisualizer build complete]
16:11:34 **** Build of configuration Nios II for project vgavisualizer ****
make all 
Info: Building ../vgavisualizer_bsp/
C:/intelFPGA_lite/18.1/nios2eds/bin/gnu/H-x86_64-mingw32/bin/make --no-print-directory -C ../vgavisualizer_bsp/
[BSP build complete]
Info: Compiling hello_world_small.c to obj/default/hello_world_small.o
nios2-elf-gcc -xc -MP -MMD -c -I../vgavisualizer_bsp//HAL/inc -I../vgavisualizer_bsp/ -I../vgavisualizer_bsp//drivers/inc  -pipe -D__hal__ -DALT_NO_C_PLUS_PLUS -DALT_NO_CLEAN_EXIT -D'exit(a)=_exit(a)' -DALT_NO_EXIT -DALT_USE_DIRECT_DRIVERS -DALT_NO_INSTRUCTION_EMULATION -DALT_USE_SMALL_DRIVERS -DALT_SINGLE_THREADED    -Os -g -Wall   -mno-hw-div -mno-hw-mul -mno-hw-mulx -mgpopt=global  -o obj/default/hello_world_small.o hello_world_small.c
hello_world_small.c:4175:13: warning: 'hori_time_isr' defined but not used [-Wunused-function]
 static void hori_time_isr(void * context, alt_u32 id) {
             ^
Info: Linking vgavisualizer.elf
nios2-elf-g++  -T'../vgavisualizer_bsp//linker.x' -msys-crt0='../vgavisualizer_bsp//obj/HAL/src/crt0.o' -msys-lib=hal_bsp -L../vgavisualizer_bsp/   -Wl,-Map=vgavisualizer.map   -Os -g -Wall   -mno-hw-div -mno-hw-mul -mno-hw-mulx -mgpopt=global  -o vgavisualizer.elf obj/default/hello_world_small.o -lm -msys-lib=m
nios2-elf-insert vgavisualizer.elf --thread_model hal --cpu_name nios2_gen2_0 --qsys true --simulation_enabled false --stderr_dev jtag_uart_0 --stdin_dev jtag_uart_0 --stdout_dev jtag_uart_0 --sopc_system_name vga_system --quartus_project_dir "C:/Users/vishr/Desktop/UBC/CPEN391/module-2-vga/Quartus" --jdi ../..//output_files/vgavisual.jdi --sopcinfo C:/Users/vishr/Desktop/UBC/CPEN391/module-2-vga/Quartus/software/vgavisualizer_bsp/../../vga_system.sopcinfo
Info: (vgavisualizer.elf) 65 KBytes program size (code + initialized data).
Info:                     65497 KBytes free for stack + heap.
Info: Creating vgavisualizer.objdump
nios2-elf-objdump --disassemble --syms --all-header --source vgavisualizer.elf >vgavisualizer.objdump
[vgavisualizer build complete]
16:11:36 **** Incremental Build of configuration Nios II for project vgavisualizer ****
make all 
Info: Building ../vgavisualizer_bsp/
C:/intelFPGA_lite/18.1/nios2eds/bin/gnu/H-x86_64-mingw32/bin/make --no-print-directory -C ../vgavisualizer_bsp/
[BSP build complete]
[vgavisualizer build complete]
16:12:22 **** Build of configuration Nios II for project vgavisualizer ****
make all 
Info: Building ../vgavisualizer_bsp/
C:/intelFPGA_lite/18.1/nios2eds/bin/gnu/H-x86_64-mingw32/bin/make --no-print-directory -C ../vgavisualizer_bsp/
[BSP build complete]
Info: Compiling hello_world_small.c to obj/default/hello_world_small.o
nios2-elf-gcc -xc -MP -MMD -c -I../vgavisualizer_bsp//HAL/inc -I../vgavisualizer_bsp/ -I../vgavisualizer_bsp//drivers/inc  -pipe -D__hal__ -DALT_NO_C_PLUS_PLUS -DALT_NO_CLEAN_EXIT -D'exit(a)=_exit(a)' -DALT_NO_EXIT -DALT_USE_DIRECT_DRIVERS -DALT_NO_INSTRUCTION_EMULATION -DALT_USE_SMALL_DRIVERS -DALT_SINGLE_THREADED    -Os -g -Wall   -mno-hw-div -mno-hw-mul -mno-hw-mulx -mgpopt=global  -o obj/default/hello_world_small.o hello_world_small.c
hello_world_small.c:4175:13: warning: 'hori_time_isr' defined but not used [-Wunused-function]
 static void hori_time_isr(void * context, alt_u32 id) {
             ^
Info: Linking vgavisualizer.elf
nios2-elf-g++  -T'../vgavisualizer_bsp//linker.x' -msys-crt0='../vgavisualizer_bsp//obj/HAL/src/crt0.o' -msys-lib=hal_bsp -L../vgavisualizer_bsp/   -Wl,-Map=vgavisualizer.map   -Os -g -Wall   -mno-hw-div -mno-hw-mul -mno-hw-mulx -mgpopt=global  -o vgavisualizer.elf obj/default/hello_world_small.o -lm -msys-lib=m
nios2-elf-insert vgavisualizer.elf --thread_model hal --cpu_name nios2_gen2_0 --qsys true --simulation_enabled false --stderr_dev jtag_uart_0 --stdin_dev jtag_uart_0 --stdout_dev jtag_uart_0 --sopc_system_name vga_system --quartus_project_dir "C:/Users/vishr/Desktop/UBC/CPEN391/module-2-vga/Quartus" --jdi ../..//output_files/vgavisual.jdi --sopcinfo C:/Users/vishr/Desktop/UBC/CPEN391/module-2-vga/Quartus/software/vgavisualizer_bsp/../../vga_system.sopcinfo
Info: (vgavisualizer.elf) 65 KBytes program size (code + initialized data).
Info:                     65497 KBytes free for stack + heap.
Info: Creating vgavisualizer.objdump
nios2-elf-objdump --disassemble --syms --all-header --source vgavisualizer.elf >vgavisualizer.objdump
[vgavisualizer build complete]
16:12:24 **** Incremental Build of configuration Nios II for project vgavisualizer ****
make all 
Info: Building ../vgavisualizer_bsp/
C:/intelFPGA_lite/18.1/nios2eds/bin/gnu/H-x86_64-mingw32/bin/make --no-print-directory -C ../vgavisualizer_bsp/
[BSP build complete]
[vgavisualizer build complete]
16:13:34 **** Build of configuration Nios II for project vgavisualizer ****
make all 
Info: Building ../vgavisualizer_bsp/
C:/intelFPGA_lite/18.1/nios2eds/bin/gnu/H-x86_64-mingw32/bin/make --no-print-directory -C ../vgavisualizer_bsp/
[BSP build complete]
Info: Compiling hello_world_small.c to obj/default/hello_world_small.o
nios2-elf-gcc -xc -MP -MMD -c -I../vgavisualizer_bsp//HAL/inc -I../vgavisualizer_bsp/ -I../vgavisualizer_bsp//drivers/inc  -pipe -D__hal__ -DALT_NO_C_PLUS_PLUS -DALT_NO_CLEAN_EXIT -D'exit(a)=_exit(a)' -DALT_NO_EXIT -DALT_USE_DIRECT_DRIVERS -DALT_NO_INSTRUCTION_EMULATION -DALT_USE_SMALL_DRIVERS -DALT_SINGLE_THREADED    -Os -g -Wall   -mno-hw-div -mno-hw-mul -mno-hw-mulx -mgpopt=global  -o obj/default/hello_world_small.o hello_world_small.c
hello_world_small.c:4175:13: warning: 'hori_time_isr' defined but not used [-Wunused-function]
 static void hori_time_isr(void * context, alt_u32 id) {
             ^
Info: Linking vgavisualizer.elf
nios2-elf-g++  -T'../vgavisualizer_bsp//linker.x' -msys-crt0='../vgavisualizer_bsp//obj/HAL/src/crt0.o' -msys-lib=hal_bsp -L../vgavisualizer_bsp/   -Wl,-Map=vgavisualizer.map   -Os -g -Wall   -mno-hw-div -mno-hw-mul -mno-hw-mulx -mgpopt=global  -o vgavisualizer.elf obj/default/hello_world_small.o -lm -msys-lib=m
nios2-elf-insert vgavisualizer.elf --thread_model hal --cpu_name nios2_gen2_0 --qsys true --simulation_enabled false --stderr_dev jtag_uart_0 --stdin_dev jtag_uart_0 --stdout_dev jtag_uart_0 --sopc_system_name vga_system --quartus_project_dir "C:/Users/vishr/Desktop/UBC/CPEN391/module-2-vga/Quartus" --jdi ../..//output_files/vgavisual.jdi --sopcinfo C:/Users/vishr/Desktop/UBC/CPEN391/module-2-vga/Quartus/software/vgavisualizer_bsp/../../vga_system.sopcinfo
Info: (vgavisualizer.elf) 65 KBytes program size (code + initialized data).
Info:                     65497 KBytes free for stack + heap.
Info: Creating vgavisualizer.objdump
nios2-elf-objdump --disassemble --syms --all-header --source vgavisualizer.elf >vgavisualizer.objdump
[vgavisualizer build complete]
16:13:36 **** Incremental Build of configuration Nios II for project vgavisualizer ****
make all 
Info: Building ../vgavisualizer_bsp/
C:/intelFPGA_lite/18.1/nios2eds/bin/gnu/H-x86_64-mingw32/bin/make --no-print-directory -C ../vgavisualizer_bsp/
[BSP build complete]
[vgavisualizer build complete]
16:14:39 **** Build of configuration Nios II for project vgavisualizer ****
make all 
Info: Building ../vgavisualizer_bsp/
C:/intelFPGA_lite/18.1/nios2eds/bin/gnu/H-x86_64-mingw32/bin/make --no-print-directory -C ../vgavisualizer_bsp/
[BSP build complete]
Info: Compiling hello_world_small.c to obj/default/hello_world_small.o
nios2-elf-gcc -xc -MP -MMD -c -I../vgavisualizer_bsp//HAL/inc -I../vgavisualizer_bsp/ -I../vgavisualizer_bsp//drivers/inc  -pipe -D__hal__ -DALT_NO_C_PLUS_PLUS -DALT_NO_CLEAN_EXIT -D'exit(a)=_exit(a)' -DALT_NO_EXIT -DALT_USE_DIRECT_DRIVERS -DALT_NO_INSTRUCTION_EMULATION -DALT_USE_SMALL_DRIVERS -DALT_SINGLE_THREADED    -Os -g -Wall   -mno-hw-div -mno-hw-mul -mno-hw-mulx -mgpopt=global  -o obj/default/hello_world_small.o hello_world_small.c
hello_world_small.c:4175:13: warning: 'hori_time_isr' defined but not used [-Wunused-function]
 static void hori_time_isr(void * context, alt_u32 id) {
             ^
Info: Linking vgavisualizer.elf
nios2-elf-g++  -T'../vgavisualizer_bsp//linker.x' -msys-crt0='../vgavisualizer_bsp//obj/HAL/src/crt0.o' -msys-lib=hal_bsp -L../vgavisualizer_bsp/   -Wl,-Map=vgavisualizer.map   -Os -g -Wall   -mno-hw-div -mno-hw-mul -mno-hw-mulx -mgpopt=global  -o vgavisualizer.elf obj/default/hello_world_small.o -lm -msys-lib=m
nios2-elf-insert vgavisualizer.elf --thread_model hal --cpu_name nios2_gen2_0 --qsys true --simulation_enabled false --stderr_dev jtag_uart_0 --stdin_dev jtag_uart_0 --stdout_dev jtag_uart_0 --sopc_system_name vga_system --quartus_project_dir "C:/Users/vishr/Desktop/UBC/CPEN391/module-2-vga/Quartus" --jdi ../..//output_files/vgavisual.jdi --sopcinfo C:/Users/vishr/Desktop/UBC/CPEN391/module-2-vga/Quartus/software/vgavisualizer_bsp/../../vga_system.sopcinfo
Info: (vgavisualizer.elf) 65 KBytes program size (code + initialized data).
Info:                     65497 KBytes free for stack + heap.
Info: Creating vgavisualizer.objdump
nios2-elf-objdump --disassemble --syms --all-header --source vgavisualizer.elf >vgavisualizer.objdump
[vgavisualizer build complete]
16:14:41 **** Incremental Build of configuration Nios II for project vgavisualizer ****
make all 
Info: Building ../vgavisualizer_bsp/
C:/intelFPGA_lite/18.1/nios2eds/bin/gnu/H-x86_64-mingw32/bin/make --no-print-directory -C ../vgavisualizer_bsp/
[BSP build complete]
[vgavisualizer build complete]
16:18:08 **** Build of configuration Nios II for project vgavisualizer ****
make all 
Info: Building ../vgavisualizer_bsp/
C:/intelFPGA_lite/18.1/nios2eds/bin/gnu/H-x86_64-mingw32/bin/make --no-print-directory -C ../vgavisualizer_bsp/
[BSP build complete]
Info: Compiling hello_world_small.c to obj/default/hello_world_small.o
nios2-elf-gcc -xc -MP -MMD -c -I../vgavisualizer_bsp//HAL/inc -I../vgavisualizer_bsp/ -I../vgavisualizer_bsp//drivers/inc  -pipe -D__hal__ -DALT_NO_C_PLUS_PLUS -DALT_NO_CLEAN_EXIT -D'exit(a)=_exit(a)' -DALT_NO_EXIT -DALT_USE_DIRECT_DRIVERS -DALT_NO_INSTRUCTION_EMULATION -DALT_USE_SMALL_DRIVERS -DALT_SINGLE_THREADED    -Os -g -Wall   -mno-hw-div -mno-hw-mul -mno-hw-mulx -mgpopt=global  -o obj/default/hello_world_small.o hello_world_small.c
hello_world_small.c:4175:13: warning: 'hori_time_isr' defined but not used [-Wunused-function]
 static void hori_time_isr(void * context, alt_u32 id) {
             ^
Info: Linking vgavisualizer.elf
nios2-elf-g++  -T'../vgavisualizer_bsp//linker.x' -msys-crt0='../vgavisualizer_bsp//obj/HAL/src/crt0.o' -msys-lib=hal_bsp -L../vgavisualizer_bsp/   -Wl,-Map=vgavisualizer.map   -Os -g -Wall   -mno-hw-div -mno-hw-mul -mno-hw-mulx -mgpopt=global  -o vgavisualizer.elf obj/default/hello_world_small.o -lm -msys-lib=m
nios2-elf-insert vgavisualizer.elf --thread_model hal --cpu_name nios2_gen2_0 --qsys true --simulation_enabled false --stderr_dev jtag_uart_0 --stdin_dev jtag_uart_0 --stdout_dev jtag_uart_0 --sopc_system_name vga_system --quartus_project_dir "C:/Users/vishr/Desktop/UBC/CPEN391/module-2-vga/Quartus" --jdi ../..//output_files/vgavisual.jdi --sopcinfo C:/Users/vishr/Desktop/UBC/CPEN391/module-2-vga/Quartus/software/vgavisualizer_bsp/../../vga_system.sopcinfo
Info: (vgavisualizer.elf) 65 KBytes program size (code + initialized data).
Info:                     65497 KBytes free for stack + heap.
Info: Creating vgavisualizer.objdump
nios2-elf-objdump --disassemble --syms --all-header --source vgavisualizer.elf >vgavisualizer.objdump
[vgavisualizer build complete]
16:18:10 **** Incremental Build of configuration Nios II for project vgavisualizer ****
make all 
Info: Building ../vgavisualizer_bsp/
C:/intelFPGA_lite/18.1/nios2eds/bin/gnu/H-x86_64-mingw32/bin/make --no-print-directory -C ../vgavisualizer_bsp/
[BSP build complete]
[vgavisualizer build complete]
16:20:22 **** Build of configuration Nios II for project vgavisualizer ****
make all 
Info: Building ../vgavisualizer_bsp/
C:/intelFPGA_lite/18.1/nios2eds/bin/gnu/H-x86_64-mingw32/bin/make --no-print-directory -C ../vgavisualizer_bsp/
[BSP build complete]
Info: Compiling hello_world_small.c to obj/default/hello_world_small.o
nios2-elf-gcc -xc -MP -MMD -c -I../vgavisualizer_bsp//HAL/inc -I../vgavisualizer_bsp/ -I../vgavisualizer_bsp//drivers/inc  -pipe -D__hal__ -DALT_NO_C_PLUS_PLUS -DALT_NO_CLEAN_EXIT -D'exit(a)=_exit(a)' -DALT_NO_EXIT -DALT_USE_DIRECT_DRIVERS -DALT_NO_INSTRUCTION_EMULATION -DALT_USE_SMALL_DRIVERS -DALT_SINGLE_THREADED    -Os -g -Wall   -mno-hw-div -mno-hw-mul -mno-hw-mulx -mgpopt=global  -o obj/default/hello_world_small.o hello_world_small.c
hello_world_small.c:4175:13: warning: 'hori_time_isr' defined but not used [-Wunused-function]
 static void hori_time_isr(void * context, alt_u32 id) {
             ^
Info: Linking vgavisualizer.elf
nios2-elf-g++  -T'../vgavisualizer_bsp//linker.x' -msys-crt0='../vgavisualizer_bsp//obj/HAL/src/crt0.o' -msys-lib=hal_bsp -L../vgavisualizer_bsp/   -Wl,-Map=vgavisualizer.map   -Os -g -Wall   -mno-hw-div -mno-hw-mul -mno-hw-mulx -mgpopt=global  -o vgavisualizer.elf obj/default/hello_world_small.o -lm -msys-lib=m
nios2-elf-insert vgavisualizer.elf --thread_model hal --cpu_name nios2_gen2_0 --qsys true --simulation_enabled false --stderr_dev jtag_uart_0 --stdin_dev jtag_uart_0 --stdout_dev jtag_uart_0 --sopc_system_name vga_system --quartus_project_dir "C:/Users/vishr/Desktop/UBC/CPEN391/module-2-vga/Quartus" --jdi ../..//output_files/vgavisual.jdi --sopcinfo C:/Users/vishr/Desktop/UBC/CPEN391/module-2-vga/Quartus/software/vgavisualizer_bsp/../../vga_system.sopcinfo
Info: (vgavisualizer.elf) 65 KBytes program size (code + initialized data).
Info:                     65497 KBytes free for stack + heap.
Info: Creating vgavisualizer.objdump
nios2-elf-objdump --disassemble --syms --all-header --source vgavisualizer.elf >vgavisualizer.objdump
[vgavisualizer build complete]
16:20:24 **** Incremental Build of configuration Nios II for project vgavisualizer ****
make all 
Info: Building ../vgavisualizer_bsp/
C:/intelFPGA_lite/18.1/nios2eds/bin/gnu/H-x86_64-mingw32/bin/make --no-print-directory -C ../vgavisualizer_bsp/
[BSP build complete]
[vgavisualizer build complete]
16:22:59 **** Build of configuration Nios II for project vgavisualizer ****
make all 
Info: Building ../vgavisualizer_bsp/
C:/intelFPGA_lite/18.1/nios2eds/bin/gnu/H-x86_64-mingw32/bin/make --no-print-directory -C ../vgavisualizer_bsp/
[BSP build complete]
Info: Compiling hello_world_small.c to obj/default/hello_world_small.o
nios2-elf-gcc -xc -MP -MMD -c -I../vgavisualizer_bsp//HAL/inc -I../vgavisualizer_bsp/ -I../vgavisualizer_bsp//drivers/inc  -pipe -D__hal__ -DALT_NO_C_PLUS_PLUS -DALT_NO_CLEAN_EXIT -D'exit(a)=_exit(a)' -DALT_NO_EXIT -DALT_USE_DIRECT_DRIVERS -DALT_NO_INSTRUCTION_EMULATION -DALT_USE_SMALL_DRIVERS -DALT_SINGLE_THREADED    -Os -g -Wall   -mno-hw-div -mno-hw-mul -mno-hw-mulx -mgpopt=global  -o obj/default/hello_world_small.o hello_world_small.c
hello_world_small.c:4175:13: warning: 'hori_time_isr' defined but not used [-Wunused-function]
 static void hori_time_isr(void * context, alt_u32 id) {
             ^
Info: Linking vgavisualizer.elf
nios2-elf-g++  -T'../vgavisualizer_bsp//linker.x' -msys-crt0='../vgavisualizer_bsp//obj/HAL/src/crt0.o' -msys-lib=hal_bsp -L../vgavisualizer_bsp/   -Wl,-Map=vgavisualizer.map   -Os -g -Wall   -mno-hw-div -mno-hw-mul -mno-hw-mulx -mgpopt=global  -o vgavisualizer.elf obj/default/hello_world_small.o -lm -msys-lib=m
nios2-elf-insert vgavisualizer.elf --thread_model hal --cpu_name nios2_gen2_0 --qsys true --simulation_enabled false --stderr_dev jtag_uart_0 --stdin_dev jtag_uart_0 --stdout_dev jtag_uart_0 --sopc_system_name vga_system --quartus_project_dir "C:/Users/vishr/Desktop/UBC/CPEN391/module-2-vga/Quartus" --jdi ../..//output_files/vgavisual.jdi --sopcinfo C:/Users/vishr/Desktop/UBC/CPEN391/module-2-vga/Quartus/software/vgavisualizer_bsp/../../vga_system.sopcinfo
Info: (vgavisualizer.elf) 65 KBytes program size (code + initialized data).
Info:                     65497 KBytes free for stack + heap.
Info: Creating vgavisualizer.objdump
nios2-elf-objdump --disassemble --syms --all-header --source vgavisualizer.elf >vgavisualizer.objdump
[vgavisualizer build complete]
16:23:02 **** Incremental Build of configuration Nios II for project vgavisualizer ****
make all 
Info: Building ../vgavisualizer_bsp/
C:/intelFPGA_lite/18.1/nios2eds/bin/gnu/H-x86_64-mingw32/bin/make --no-print-directory -C ../vgavisualizer_bsp/
[BSP build complete]
[vgavisualizer build complete]
16:25:33 **** Build of configuration Nios II for project vgavisualizer ****
make all 
Info: Building ../vgavisualizer_bsp/
C:/intelFPGA_lite/18.1/nios2eds/bin/gnu/H-x86_64-mingw32/bin/make --no-print-directory -C ../vgavisualizer_bsp/
[BSP build complete]
Info: Compiling hello_world_small.c to obj/default/hello_world_small.o
nios2-elf-gcc -xc -MP -MMD -c -I../vgavisualizer_bsp//HAL/inc -I../vgavisualizer_bsp/ -I../vgavisualizer_bsp//drivers/inc  -pipe -D__hal__ -DALT_NO_C_PLUS_PLUS -DALT_NO_CLEAN_EXIT -D'exit(a)=_exit(a)' -DALT_NO_EXIT -DALT_USE_DIRECT_DRIVERS -DALT_NO_INSTRUCTION_EMULATION -DALT_USE_SMALL_DRIVERS -DALT_SINGLE_THREADED    -Os -g -Wall   -mno-hw-div -mno-hw-mul -mno-hw-mulx -mgpopt=global  -o obj/default/hello_world_small.o hello_world_small.c
hello_world_small.c:4175:13: warning: 'hori_time_isr' defined but not used [-Wunused-function]
 static void hori_time_isr(void * context, alt_u32 id) {
             ^
Info: Linking vgavisualizer.elf
nios2-elf-g++  -T'../vgavisualizer_bsp//linker.x' -msys-crt0='../vgavisualizer_bsp//obj/HAL/src/crt0.o' -msys-lib=hal_bsp -L../vgavisualizer_bsp/   -Wl,-Map=vgavisualizer.map   -Os -g -Wall   -mno-hw-div -mno-hw-mul -mno-hw-mulx -mgpopt=global  -o vgavisualizer.elf obj/default/hello_world_small.o -lm -msys-lib=m
nios2-elf-insert vgavisualizer.elf --thread_model hal --cpu_name nios2_gen2_0 --qsys true --simulation_enabled false --stderr_dev jtag_uart_0 --stdin_dev jtag_uart_0 --stdout_dev jtag_uart_0 --sopc_system_name vga_system --quartus_project_dir "C:/Users/vishr/Desktop/UBC/CPEN391/module-2-vga/Quartus" --jdi ../..//output_files/vgavisual.jdi --sopcinfo C:/Users/vishr/Desktop/UBC/CPEN391/module-2-vga/Quartus/software/vgavisualizer_bsp/../../vga_system.sopcinfo
Info: (vgavisualizer.elf) 65 KBytes program size (code + initialized data).
Info:                     65497 KBytes free for stack + heap.
Info: Creating vgavisualizer.objdump
nios2-elf-objdump --disassemble --syms --all-header --source vgavisualizer.elf >vgavisualizer.objdump
[vgavisualizer build complete]
16:25:35 **** Incremental Build of configuration Nios II for project vgavisualizer ****
make all 
Info: Building ../vgavisualizer_bsp/
C:/intelFPGA_lite/18.1/nios2eds/bin/gnu/H-x86_64-mingw32/bin/make --no-print-directory -C ../vgavisualizer_bsp/
[BSP build complete]
[vgavisualizer build complete]
17:36:17 **** Build of configuration Nios II for project vgavisualizer ****
make all 
Info: Building ../vgavisualizer_bsp/
C:/intelFPGA_lite/18.1/nios2eds/bin/gnu/H-x86_64-mingw32/bin/make --no-print-directory -C ../vgavisualizer_bsp/
[BSP build complete]
[vgavisualizer build complete]
17:36:18 **** Incremental Build of configuration Nios II for project vgavisualizer ****
make all 
Info: Building ../vgavisualizer_bsp/
C:/intelFPGA_lite/18.1/nios2eds/bin/gnu/H-x86_64-mingw32/bin/make --no-print-directory -C ../vgavisualizer_bsp/
[BSP build complete]
[vgavisualizer build complete]
17:36:49 **** Build of configuration Nios II for project vgavisualizer ****
make all 
Info: Building ../vgavisualizer_bsp/
C:/intelFPGA_lite/18.1/nios2eds/bin/gnu/H-x86_64-mingw32/bin/make --no-print-directory -C ../vgavisualizer_bsp/
[BSP build complete]
[vgavisualizer build complete]
17:36:50 **** Incremental Build of configuration Nios II for project vgavisualizer ****
make all 
Info: Building ../vgavisualizer_bsp/
C:/intelFPGA_lite/18.1/nios2eds/bin/gnu/H-x86_64-mingw32/bin/make --no-print-directory -C ../vgavisualizer_bsp/
[BSP build complete]
[vgavisualizer build complete]
10:57:50 **** Build of configuration Nios II for project vgavisualizer ****
make all 
Info: Building ../vgavisualizer_bsp/
C:/intelFPGA_lite/18.1/nios2eds/bin/gnu/H-x86_64-mingw32/bin/make --no-print-directory -C ../vgavisualizer_bsp/
[BSP build complete]
Info: Compiling hello_world_small.c to obj/default/hello_world_small.o
nios2-elf-gcc -xc -MP -MMD -c -I../vgavisualizer_bsp//HAL/inc -I../vgavisualizer_bsp/ -I../vgavisualizer_bsp//drivers/inc  -pipe -D__hal__ -DALT_NO_C_PLUS_PLUS -DALT_NO_CLEAN_EXIT -D'exit(a)=_exit(a)' -DALT_NO_EXIT -DALT_USE_DIRECT_DRIVERS -DALT_NO_INSTRUCTION_EMULATION -DALT_USE_SMALL_DRIVERS -DALT_SINGLE_THREADED    -Os -g -Wall   -mno-hw-div -mno-hw-mul -mno-hw-mulx -mgpopt=global  -o obj/default/hello_world_small.o hello_world_small.c
hello_world_small.c:4178:13: warning: 'hori_time_isr' defined but not used [-Wunused-function]
 static void hori_time_isr(void * context, alt_u32 id) {
             ^
Info: Linking vgavisualizer.elf
nios2-elf-g++  -T'../vgavisualizer_bsp//linker.x' -msys-crt0='../vgavisualizer_bsp//obj/HAL/src/crt0.o' -msys-lib=hal_bsp -L../vgavisualizer_bsp/   -Wl,-Map=vgavisualizer.map   -Os -g -Wall   -mno-hw-div -mno-hw-mul -mno-hw-mulx -mgpopt=global  -o vgavisualizer.elf obj/default/hello_world_small.o -lm -msys-lib=m
nios2-elf-insert vgavisualizer.elf --thread_model hal --cpu_name nios2_gen2_0 --qsys true --simulation_enabled false --stderr_dev jtag_uart_0 --stdin_dev jtag_uart_0 --stdout_dev jtag_uart_0 --sopc_system_name vga_system --quartus_project_dir "C:/Users/vishr/Desktop/UBC/CPEN391/module-2-vga/Quartus" --jdi ../..//output_files/vgavisual.jdi --sopcinfo C:/Users/vishr/Desktop/UBC/CPEN391/module-2-vga/Quartus/software/vgavisualizer_bsp/../../vga_system.sopcinfo
Info: (vgavisualizer.elf) 65 KBytes program size (code + initialized data).
Info:                     65497 KBytes free for stack + heap.
Info: Creating vgavisualizer.objdump
nios2-elf-objdump --disassemble --syms --all-header --source vgavisualizer.elf >vgavisualizer.objdump
[vgavisualizer build complete]
10:58:08 **** Incremental Build of configuration Nios II for project vgavisualizer ****
make all 
Info: Building ../vgavisualizer_bsp/
C:/intelFPGA_lite/18.1/nios2eds/bin/gnu/H-x86_64-mingw32/bin/make --no-print-directory -C ../vgavisualizer_bsp/
[BSP build complete]
[vgavisualizer build complete]
11:07:54 **** Build of configuration Nios II for project vgavisualizer ****
make all 
Info: Building ../vgavisualizer_bsp/
C:/intelFPGA_lite/18.1/nios2eds/bin/gnu/H-x86_64-mingw32/bin/make --no-print-directory -C ../vgavisualizer_bsp/
[BSP build complete]
Info: Compiling hello_world_small.c to obj/default/hello_world_small.o
nios2-elf-gcc -xc -MP -MMD -c -I../vgavisualizer_bsp//HAL/inc -I../vgavisualizer_bsp/ -I../vgavisualizer_bsp//drivers/inc  -pipe -D__hal__ -DALT_NO_C_PLUS_PLUS -DALT_NO_CLEAN_EXIT -D'exit(a)=_exit(a)' -DALT_NO_EXIT -DALT_USE_DIRECT_DRIVERS -DALT_NO_INSTRUCTION_EMULATION -DALT_USE_SMALL_DRIVERS -DALT_SINGLE_THREADED    -Os -g -Wall   -mno-hw-div -mno-hw-mul -mno-hw-mulx -mgpopt=global  -o obj/default/hello_world_small.o hello_world_small.c
hello_world_small.c:4183:13: warning: 'hori_time_isr' defined but not used [-Wunused-function]
 static void hori_time_isr(void * context, alt_u32 id) {
             ^
Info: Linking vgavisualizer.elf
nios2-elf-g++  -T'../vgavisualizer_bsp//linker.x' -msys-crt0='../vgavisualizer_bsp//obj/HAL/src/crt0.o' -msys-lib=hal_bsp -L../vgavisualizer_bsp/   -Wl,-Map=vgavisualizer.map   -Os -g -Wall   -mno-hw-div -mno-hw-mul -mno-hw-mulx -mgpopt=global  -o vgavisualizer.elf obj/default/hello_world_small.o -lm -msys-lib=m
nios2-elf-insert vgavisualizer.elf --thread_model hal --cpu_name nios2_gen2_0 --qsys true --simulation_enabled false --stderr_dev jtag_uart_0 --stdin_dev jtag_uart_0 --stdout_dev jtag_uart_0 --sopc_system_name vga_system --quartus_project_dir "C:/Users/vishr/Desktop/UBC/CPEN391/module-2-vga/Quartus" --jdi ../..//output_files/vgavisual.jdi --sopcinfo C:/Users/vishr/Desktop/UBC/CPEN391/module-2-vga/Quartus/software/vgavisualizer_bsp/../../vga_system.sopcinfo
Info: (vgavisualizer.elf) 65 KBytes program size (code + initialized data).
Info:                     65497 KBytes free for stack + heap.
Info: Creating vgavisualizer.objdump
nios2-elf-objdump --disassemble --syms --all-header --source vgavisualizer.elf >vgavisualizer.objdump
[vgavisualizer build complete]
11:07:56 **** Incremental Build of configuration Nios II for project vgavisualizer ****
make all 
Info: Building ../vgavisualizer_bsp/
C:/intelFPGA_lite/18.1/nios2eds/bin/gnu/H-x86_64-mingw32/bin/make --no-print-directory -C ../vgavisualizer_bsp/
[BSP build complete]
[vgavisualizer build complete]
11:09:03 **** Build of configuration Nios II for project vgavisualizer ****
make all 
Info: Building ../vgavisualizer_bsp/
C:/intelFPGA_lite/18.1/nios2eds/bin/gnu/H-x86_64-mingw32/bin/make --no-print-directory -C ../vgavisualizer_bsp/
[BSP build complete]
Info: Compiling hello_world_small.c to obj/default/hello_world_small.o
nios2-elf-gcc -xc -MP -MMD -c -I../vgavisualizer_bsp//HAL/inc -I../vgavisualizer_bsp/ -I../vgavisualizer_bsp//drivers/inc  -pipe -D__hal__ -DALT_NO_C_PLUS_PLUS -DALT_NO_CLEAN_EXIT -D'exit(a)=_exit(a)' -DALT_NO_EXIT -DALT_USE_DIRECT_DRIVERS -DALT_NO_INSTRUCTION_EMULATION -DALT_USE_SMALL_DRIVERS -DALT_SINGLE_THREADED    -Os -g -Wall   -mno-hw-div -mno-hw-mul -mno-hw-mulx -mgpopt=global  -o obj/default/hello_world_small.o hello_world_small.c
hello_world_small.c:4183:13: warning: 'hori_time_isr' defined but not used [-Wunused-function]
 static void hori_time_isr(void * context, alt_u32 id) {
             ^
Info: Linking vgavisualizer.elf
nios2-elf-g++  -T'../vgavisualizer_bsp//linker.x' -msys-crt0='../vgavisualizer_bsp//obj/HAL/src/crt0.o' -msys-lib=hal_bsp -L../vgavisualizer_bsp/   -Wl,-Map=vgavisualizer.map   -Os -g -Wall   -mno-hw-div -mno-hw-mul -mno-hw-mulx -mgpopt=global  -o vgavisualizer.elf obj/default/hello_world_small.o -lm -msys-lib=m
nios2-elf-insert vgavisualizer.elf --thread_model hal --cpu_name nios2_gen2_0 --qsys true --simulation_enabled false --stderr_dev jtag_uart_0 --stdin_dev jtag_uart_0 --stdout_dev jtag_uart_0 --sopc_system_name vga_system --quartus_project_dir "C:/Users/vishr/Desktop/UBC/CPEN391/module-2-vga/Quartus" --jdi ../..//output_files/vgavisual.jdi --sopcinfo C:/Users/vishr/Desktop/UBC/CPEN391/module-2-vga/Quartus/software/vgavisualizer_bsp/../../vga_system.sopcinfo
Info: (vgavisualizer.elf) 65 KBytes program size (code + initialized data).
Info:                     65497 KBytes free for stack + heap.
Info: Creating vgavisualizer.objdump
nios2-elf-objdump --disassemble --syms --all-header --source vgavisualizer.elf >vgavisualizer.objdump
[vgavisualizer build complete]
11:09:05 **** Incremental Build of configuration Nios II for project vgavisualizer ****
make all 
Info: Building ../vgavisualizer_bsp/
C:/intelFPGA_lite/18.1/nios2eds/bin/gnu/H-x86_64-mingw32/bin/make --no-print-directory -C ../vgavisualizer_bsp/
[BSP build complete]
[vgavisualizer build complete]
